<?xml version="1.0" encoding="UTF-8"?>
<!-- Generated by org.testng.reporters.JUnitReportReporter -->
<testsuite hostname="DESKTOP-724VG7H" name="ant2.Testngantexample" tests="1" failures="0" timestamp="3 Aug 2017 05:02:19 GMT" time="0.146" errors="0">
  <testcase name="Guru99AntTestNGMethod" time="0.146" classname="ant2.Testngantexample"/>
</testsuite> <!-- ant2.Testngantexample -->
