<?xml version="1.0" encoding="UTF-8"?>
<!-- Generated by org.testng.reporters.JUnitReportReporter -->
<testsuite hostname="DESKTOP-724VG7H" name="ant2.Testngantexample" tests="1" failures="0" timestamp="1 Sep 2017 02:52:26 GMT" time="0.082" errors="0">
  <testcase name="Guru99AntTestNGMethod" time="0.082" classname="ant2.Testngantexample"/>
</testsuite> <!-- ant2.Testngantexample -->
